GROUP,PACKAGE,CLASS,INSTRUCTION_MISSED,INSTRUCTION_COVERED,BRANCH_MISSED,BRANCH_COVERED,LINE_MISSED,LINE_COVERED,COMPLEXITY_MISSED,COMPLEXITY_COVERED,METHOD_MISSED,METHOD_COVERED
Grivet Persistence,com.fns.grivet.controller,EntityController,125,217,8,8,17,33,10,5,3,4
Grivet Persistence,com.fns.grivet.service,PersistenceService,59,14,0,0,10,5,1,1,1,1
Grivet Persistence,com.fns.grivet.config,PersistenceSinkConfig.EventSink,0,9,0,0,0,2,0,2,0,2
Grivet Persistence,com.fns.grivet.config,PersistenceSinkConfig,3,0,0,0,1,0,1,0,1,0
